Parsing relationship: /xl/_rels/workbook.xml.rels
Parsing relationship: /_rels/.rels
Loading type system org.apache.poi.schemas.ooxml.system.ooxml
Loading type system org.apache.xmlbeans.metadata.system.sXMLCONFIG
Loading type system org.apache.xmlbeans.metadata.system.sXMLLANG
Loading type system org.apache.xmlbeans.metadata.system.sXMLSCHEMA
Loading type system org.apache.xmlbeans.metadata.system.sXMLTOOLS
Reading unresolved handles for type system org.apache.xmlbeans.metadata.system.sXMLTOOLS
Finished loading type system org.apache.xmlbeans.metadata.system.sXMLTOOLS
Reading unresolved handles for type system org.apache.xmlbeans.metadata.system.sXMLSCHEMA
Finished loading type system org.apache.xmlbeans.metadata.system.sXMLSCHEMA
Reading unresolved handles for type system org.apache.xmlbeans.metadata.system.sXMLLANG
Finished loading type system org.apache.xmlbeans.metadata.system.sXMLLANG
Reading unresolved handles for type system org.apache.xmlbeans.metadata.system.sXMLCONFIG
Finished loading type system org.apache.xmlbeans.metadata.system.sXMLCONFIG
Reading unresolved handles for type system org.apache.poi.schemas.ooxml.system.ooxml
Finished loading type system org.apache.poi.schemas.ooxml.system.ooxml
Resolving type for handle themefd26doctype
Resolving type for handle stylesheet5d8bdoctype
Resolving type for handle ctstylesheet4257type
Resolving type for handle ctfonts6623type
Resolving type for handle ctfont14d8type
Resolving type for handle ctfills2c6ftype
Resolving type for handle ctfill550ctype
Resolving type for handle ctborders0d66type
Resolving type for handle ctborderf935type
Resolving type for handle ctcellxfs1322type
Resolving type for handle ctxf97f7type
Resolving type for handle ctcellstylexfsa81ftype
Resolving type for handle ctdxfsb26atype
Resolving type for handle cttablestyles872ftype
Resolving type for handle sstf81fdoctype
Resolving type for handle ctsst44f3type
Resolving type for handle ctrsta472type
Resolving type for handle workbookec17doctype
Resolving type for handle ctworkbook83c3type
Resolving type for handle ctsheets49fdtype
Resolving type for handle ctsheet4dbetype
Resolving type for handle strelationshipid1e94type
Resolving type for handle worksheetf539doctype
Resolving type for handle ctworksheet530dtype
Resolving type for handle ctcols627ctype
Resolving type for handle ctcola95ftype
Resolving type for handle ctsheetdata8408type
Resolving type for handle ctrowdd39type
Resolving type for handle ctcell842btype
Resolving type for handle stcellrefe4e0type
Resolving type for handle stxstringf179type
Resolving type for handle stcelltypebf95type
Parsing relationship: /xl/_rels/workbook.xml.rels
Parsing relationship: /_rels/.rels
Loading type system org.apache.poi.schemas.ooxml.system.ooxml
Loading type system org.apache.xmlbeans.metadata.system.sXMLCONFIG
Loading type system org.apache.xmlbeans.metadata.system.sXMLLANG
Loading type system org.apache.xmlbeans.metadata.system.sXMLSCHEMA
Loading type system org.apache.xmlbeans.metadata.system.sXMLTOOLS
Reading unresolved handles for type system org.apache.xmlbeans.metadata.system.sXMLTOOLS
Finished loading type system org.apache.xmlbeans.metadata.system.sXMLTOOLS
Reading unresolved handles for type system org.apache.xmlbeans.metadata.system.sXMLSCHEMA
Finished loading type system org.apache.xmlbeans.metadata.system.sXMLSCHEMA
Reading unresolved handles for type system org.apache.xmlbeans.metadata.system.sXMLLANG
Finished loading type system org.apache.xmlbeans.metadata.system.sXMLLANG
Reading unresolved handles for type system org.apache.xmlbeans.metadata.system.sXMLCONFIG
Finished loading type system org.apache.xmlbeans.metadata.system.sXMLCONFIG
Reading unresolved handles for type system org.apache.poi.schemas.ooxml.system.ooxml
Finished loading type system org.apache.poi.schemas.ooxml.system.ooxml
Resolving type for handle themefd26doctype
Resolving type for handle stylesheet5d8bdoctype
Resolving type for handle ctstylesheet4257type
Resolving type for handle ctfonts6623type
Resolving type for handle ctfont14d8type
Resolving type for handle ctfills2c6ftype
Resolving type for handle ctfill550ctype
Resolving type for handle ctborders0d66type
Resolving type for handle ctborderf935type
Resolving type for handle ctcellxfs1322type
Resolving type for handle ctxf97f7type
Resolving type for handle ctcellstylexfsa81ftype
Resolving type for handle ctdxfsb26atype
Resolving type for handle cttablestyles872ftype
Resolving type for handle sstf81fdoctype
Resolving type for handle ctsst44f3type
Resolving type for handle ctrsta472type
Resolving type for handle workbookec17doctype
Resolving type for handle ctworkbook83c3type
Resolving type for handle ctsheets49fdtype
Resolving type for handle ctsheet4dbetype
Resolving type for handle strelationshipid1e94type
Resolving type for handle worksheetf539doctype
Resolving type for handle ctworksheet530dtype
Resolving type for handle ctcols627ctype
Resolving type for handle ctcola95ftype
Resolving type for handle ctsheetdata8408type
Resolving type for handle ctrowdd39type
Resolving type for handle ctcell842btype
Resolving type for handle stcellrefe4e0type
Resolving type for handle stxstringf179type
Resolving type for handle stcelltypebf95type
Parsing relationship: /xl/_rels/workbook.xml.rels
Parsing relationship: /_rels/.rels
Loading type system org.apache.poi.schemas.ooxml.system.ooxml
Loading type system org.apache.xmlbeans.metadata.system.sXMLCONFIG
Loading type system org.apache.xmlbeans.metadata.system.sXMLLANG
Loading type system org.apache.xmlbeans.metadata.system.sXMLSCHEMA
Loading type system org.apache.xmlbeans.metadata.system.sXMLTOOLS
Reading unresolved handles for type system org.apache.xmlbeans.metadata.system.sXMLTOOLS
Finished loading type system org.apache.xmlbeans.metadata.system.sXMLTOOLS
Reading unresolved handles for type system org.apache.xmlbeans.metadata.system.sXMLSCHEMA
Finished loading type system org.apache.xmlbeans.metadata.system.sXMLSCHEMA
Reading unresolved handles for type system org.apache.xmlbeans.metadata.system.sXMLLANG
Finished loading type system org.apache.xmlbeans.metadata.system.sXMLLANG
Reading unresolved handles for type system org.apache.xmlbeans.metadata.system.sXMLCONFIG
Finished loading type system org.apache.xmlbeans.metadata.system.sXMLCONFIG
Reading unresolved handles for type system org.apache.poi.schemas.ooxml.system.ooxml
Finished loading type system org.apache.poi.schemas.ooxml.system.ooxml
Resolving type for handle themefd26doctype
Resolving type for handle stylesheet5d8bdoctype
Resolving type for handle ctstylesheet4257type
Resolving type for handle ctfonts6623type
Resolving type for handle ctfont14d8type
Resolving type for handle ctfills2c6ftype
Resolving type for handle ctfill550ctype
Resolving type for handle ctborders0d66type
Resolving type for handle ctborderf935type
Resolving type for handle ctcellxfs1322type
Resolving type for handle ctxf97f7type
Resolving type for handle ctcellstylexfsa81ftype
Resolving type for handle ctdxfsb26atype
Resolving type for handle cttablestyles872ftype
Resolving type for handle sstf81fdoctype
Resolving type for handle ctsst44f3type
Resolving type for handle ctrsta472type
Resolving type for handle workbookec17doctype
Resolving type for handle ctworkbook83c3type
Resolving type for handle ctsheets49fdtype
Resolving type for handle ctsheet4dbetype
Resolving type for handle strelationshipid1e94type
Resolving type for handle worksheetf539doctype
Resolving type for handle ctworksheet530dtype
Resolving type for handle ctcols627ctype
Resolving type for handle ctcola95ftype
Resolving type for handle ctsheetdata8408type
Resolving type for handle ctrowdd39type
Resolving type for handle ctcell842btype
Resolving type for handle stcellrefe4e0type
Resolving type for handle stxstringf179type
Resolving type for handle stcelltypebf95type
Parsing relationship: /xl/_rels/workbook.xml.rels
Parsing relationship: /_rels/.rels
Loading type system org.apache.poi.schemas.ooxml.system.ooxml
Loading type system org.apache.xmlbeans.metadata.system.sXMLCONFIG
Loading type system org.apache.xmlbeans.metadata.system.sXMLLANG
Loading type system org.apache.xmlbeans.metadata.system.sXMLSCHEMA
Loading type system org.apache.xmlbeans.metadata.system.sXMLTOOLS
Reading unresolved handles for type system org.apache.xmlbeans.metadata.system.sXMLTOOLS
Finished loading type system org.apache.xmlbeans.metadata.system.sXMLTOOLS
Reading unresolved handles for type system org.apache.xmlbeans.metadata.system.sXMLSCHEMA
Finished loading type system org.apache.xmlbeans.metadata.system.sXMLSCHEMA
Reading unresolved handles for type system org.apache.xmlbeans.metadata.system.sXMLLANG
Finished loading type system org.apache.xmlbeans.metadata.system.sXMLLANG
Reading unresolved handles for type system org.apache.xmlbeans.metadata.system.sXMLCONFIG
Finished loading type system org.apache.xmlbeans.metadata.system.sXMLCONFIG
Reading unresolved handles for type system org.apache.poi.schemas.ooxml.system.ooxml
Finished loading type system org.apache.poi.schemas.ooxml.system.ooxml
Resolving type for handle themefd26doctype
Resolving type for handle stylesheet5d8bdoctype
Resolving type for handle ctstylesheet4257type
Resolving type for handle ctfonts6623type
Resolving type for handle ctfont14d8type
Resolving type for handle ctfills2c6ftype
Resolving type for handle ctfill550ctype
Resolving type for handle ctborders0d66type
Resolving type for handle ctborderf935type
Resolving type for handle ctcellxfs1322type
Resolving type for handle ctxf97f7type
Resolving type for handle ctcellstylexfsa81ftype
Resolving type for handle ctdxfsb26atype
Resolving type for handle cttablestyles872ftype
Resolving type for handle sstf81fdoctype
Resolving type for handle ctsst44f3type
Resolving type for handle ctrsta472type
Resolving type for handle workbookec17doctype
Resolving type for handle ctworkbook83c3type
Resolving type for handle ctsheets49fdtype
Resolving type for handle ctsheet4dbetype
Resolving type for handle strelationshipid1e94type
Resolving type for handle worksheetf539doctype
Resolving type for handle ctworksheet530dtype
Resolving type for handle ctcols627ctype
Resolving type for handle ctcola95ftype
Resolving type for handle ctsheetdata8408type
Resolving type for handle ctrowdd39type
Resolving type for handle ctcell842btype
Resolving type for handle stcellrefe4e0type
Resolving type for handle stxstringf179type
Resolving type for handle stcelltypebf95type
Parsing relationship: /xl/_rels/workbook.xml.rels
Parsing relationship: /_rels/.rels
Loading type system org.apache.poi.schemas.ooxml.system.ooxml
Loading type system org.apache.xmlbeans.metadata.system.sXMLCONFIG
Loading type system org.apache.xmlbeans.metadata.system.sXMLLANG
Loading type system org.apache.xmlbeans.metadata.system.sXMLSCHEMA
Loading type system org.apache.xmlbeans.metadata.system.sXMLTOOLS
Reading unresolved handles for type system org.apache.xmlbeans.metadata.system.sXMLTOOLS
Finished loading type system org.apache.xmlbeans.metadata.system.sXMLTOOLS
Reading unresolved handles for type system org.apache.xmlbeans.metadata.system.sXMLSCHEMA
Finished loading type system org.apache.xmlbeans.metadata.system.sXMLSCHEMA
Reading unresolved handles for type system org.apache.xmlbeans.metadata.system.sXMLLANG
Finished loading type system org.apache.xmlbeans.metadata.system.sXMLLANG
Reading unresolved handles for type system org.apache.xmlbeans.metadata.system.sXMLCONFIG
Finished loading type system org.apache.xmlbeans.metadata.system.sXMLCONFIG
Reading unresolved handles for type system org.apache.poi.schemas.ooxml.system.ooxml
Finished loading type system org.apache.poi.schemas.ooxml.system.ooxml
Resolving type for handle themefd26doctype
Resolving type for handle stylesheet5d8bdoctype
Resolving type for handle ctstylesheet4257type
Resolving type for handle ctfonts6623type
Resolving type for handle ctfont14d8type
Resolving type for handle ctfills2c6ftype
Resolving type for handle ctfill550ctype
Resolving type for handle ctborders0d66type
Resolving type for handle ctborderf935type
Resolving type for handle ctcellxfs1322type
Resolving type for handle ctxf97f7type
Resolving type for handle ctcellstylexfsa81ftype
Resolving type for handle ctdxfsb26atype
Resolving type for handle cttablestyles872ftype
Resolving type for handle sstf81fdoctype
Resolving type for handle ctsst44f3type
Resolving type for handle ctrsta472type
Resolving type for handle workbookec17doctype
Resolving type for handle ctworkbook83c3type
Resolving type for handle ctsheets49fdtype
Resolving type for handle ctsheet4dbetype
Resolving type for handle strelationshipid1e94type
Resolving type for handle worksheetf539doctype
Resolving type for handle ctworksheet530dtype
Resolving type for handle ctcols627ctype
Resolving type for handle ctcola95ftype
Resolving type for handle ctsheetdata8408type
Resolving type for handle ctrowdd39type
Resolving type for handle ctcell842btype
Resolving type for handle stcellrefe4e0type
Resolving type for handle stxstringf179type
Resolving type for handle stcelltypebf95type
Parsing relationship: /xl/_rels/workbook.xml.rels
Parsing relationship: /_rels/.rels
Loading type system org.apache.poi.schemas.ooxml.system.ooxml
Loading type system org.apache.xmlbeans.metadata.system.sXMLCONFIG
Loading type system org.apache.xmlbeans.metadata.system.sXMLLANG
Loading type system org.apache.xmlbeans.metadata.system.sXMLSCHEMA
Loading type system org.apache.xmlbeans.metadata.system.sXMLTOOLS
Reading unresolved handles for type system org.apache.xmlbeans.metadata.system.sXMLTOOLS
Finished loading type system org.apache.xmlbeans.metadata.system.sXMLTOOLS
Reading unresolved handles for type system org.apache.xmlbeans.metadata.system.sXMLSCHEMA
Finished loading type system org.apache.xmlbeans.metadata.system.sXMLSCHEMA
Reading unresolved handles for type system org.apache.xmlbeans.metadata.system.sXMLLANG
Finished loading type system org.apache.xmlbeans.metadata.system.sXMLLANG
Reading unresolved handles for type system org.apache.xmlbeans.metadata.system.sXMLCONFIG
Finished loading type system org.apache.xmlbeans.metadata.system.sXMLCONFIG
Reading unresolved handles for type system org.apache.poi.schemas.ooxml.system.ooxml
Finished loading type system org.apache.poi.schemas.ooxml.system.ooxml
Resolving type for handle themefd26doctype
Resolving type for handle stylesheet5d8bdoctype
Resolving type for handle ctstylesheet4257type
Resolving type for handle ctfonts6623type
Resolving type for handle ctfont14d8type
Resolving type for handle ctfills2c6ftype
Resolving type for handle ctfill550ctype
Resolving type for handle ctborders0d66type
Resolving type for handle ctborderf935type
Resolving type for handle ctcellxfs1322type
Resolving type for handle ctxf97f7type
Resolving type for handle ctcellstylexfsa81ftype
Resolving type for handle ctdxfsb26atype
Resolving type for handle cttablestyles872ftype
Resolving type for handle sstf81fdoctype
Resolving type for handle ctsst44f3type
Resolving type for handle ctrsta472type
Resolving type for handle workbookec17doctype
Resolving type for handle ctworkbook83c3type
Resolving type for handle ctsheets49fdtype
Resolving type for handle ctsheet4dbetype
Resolving type for handle strelationshipid1e94type
Resolving type for handle worksheetf539doctype
Resolving type for handle ctworksheet530dtype
Resolving type for handle ctcols627ctype
Resolving type for handle ctcola95ftype
Resolving type for handle ctsheetdata8408type
Resolving type for handle ctrowdd39type
Resolving type for handle ctcell842btype
Resolving type for handle stcellrefe4e0type
Resolving type for handle stxstringf179type
Resolving type for handle stcelltypebf95type
